#
# A fatal error has been detected by the Java Runtime Environment:
#
#  SIGSEGV (0xb) at pc=0x000000012aa9b15c, pid=74979, tid=259
#
# JRE version: OpenJDK Runtime Environment Temurin-17.0.8+7 (17.0.8+7) (build 17.0.8+7)
# Java VM: OpenJDK 64-Bit Server VM Temurin-17.0.8+7 (17.0.8+7, mixed mode, tiered, compressed oops, compressed class ptrs, g1 gc, bsd-amd64)
# Problematic frame:
# C  [libglass.dylib+0x3015c]  Java_com_sun_glass_ui_mac_MacWindow__1exitModal+0x93c
#
# No core dump will be written. Core dumps have been disabled. To enable core dumping, try "ulimit -c unlimited" before starting Java again
#
# If you would like to submit a bug report, please visit:
#   https://github.com/adoptium/adoptium-support/issues
#

---------------  S U M M A R Y ------------

Command Line: -Dfile.encoding=UTF-8 --module-path=/Users/ashlynsassaman/git/CMSC335_Project3/CMSC335_Project3/bin:/Users/ashlynsassaman/.p2/pool/plugins/org.eclipse.fx.ide.css.jfx8_3.10.0.202303150700.jar:/Users/ashlynsassaman/javafx-sdk-22.0.1/lib/javafx-swt.jar:/Users/ashlynsassaman/javafx-sdk-22.0.1/lib/javafx.base.jar:/Users/ashlynsassaman/javafx-sdk-22.0.1/lib/javafx.controls.jar:/Users/ashlynsassaman/javafx-sdk-22.0.1/lib/javafx.fxml.jar:/Users/ashlynsassaman/javafx-sdk-22.0.1/lib/javafx.graphics.jar:/Users/ashlynsassaman/javafx-sdk-22.0.1/lib/javafx.media.jar:/Users/ashlynsassaman/javafx-sdk-22.0.1/lib/javafx.swing.jar:/Users/ashlynsassaman/javafx-sdk-22.0.1/lib/javafx.web.jar -XX:+ShowCodeDetailsInExceptionMessages -Djdk.module.main=CMSC335_Project3 CMSC335_Project3/application.TrafficMain --module-path /Users/ashlynsassaman/Downloads/javafx-sdk-21.0.1/lib --add-modules javafx.controls,javafx.fxml

Host: "MacBookPro17,1" x86_64 (EMULATED) 2400 MHz, 8 cores, 16G, Darwin 23.4.0, macOS 10.16 (23E224)
Time: Mon May  6 21:00:44 2024 EDT elapsed time: 1659.858208 seconds (0d 0h 27m 39s)

---------------  T H R E A D  ---------------

Current thread is native thread

Stack: [0x0000000305930000,0x0000000306130000],  sp=0x000000030612ca40,  free space=8178k
Native frames: (J=compiled Java code, j=interpreted, Vv=VM code, C=native code)
C  [libglass.dylib+0x3015c]  Java_com_sun_glass_ui_mac_MacWindow__1exitModal+0x93c
C  [libglass.dylib+0x30be4]  Java_com_sun_glass_ui_mac_MacWindow__1exitModal+0x13c4
C  [Foundation+0x7cf49]  __NSFireDelayedPerform+0x1b6
C  [CoreFoundation+0x97509]  __CFRUNLOOP_IS_CALLING_OUT_TO_A_TIMER_CALLBACK_FUNCTION__+0x14
C  [CoreFoundation+0x970b9]  __CFRunLoopDoTimer+0x311
C  [CoreFoundation+0x96cea]  __CFRunLoopDoTimers+0x11d
C  [CoreFoundation+0x7b0ad]  __CFRunLoopRun+0x83c
C  [CoreFoundation+0x7a2a9]  CFRunLoopRunSpecific+0x22d
C  [libjli.dylib+0x6f32]  CreateExecutionEnvironment+0x192
C  [libjli.dylib+0x2955]  JLI_Launch+0x605
C  [java+0xc0e]  main+0x19e
C  0x0000000201184366


siginfo: si_signo: 11 (SIGSEGV), si_code: 1 (SEGV_MAPERR), si_addr: 0x0000000000000000

Registers:
RAX=0x0000000000000103, RBX=0x0000000000000000, RCX=0x0000000000000000, RDX=0x00007f9ba8800000
RSP=0x000000030612ca40, RBP=0x000000030612ce70, RSI=0x00007f9ba8846600, RDI=0x0000000109829380
R8 =0x0000000109875a00, R9 =0x00007f9ba8800000, R10=0x0000000000000000, R11=0x0000000000000000
R12=0x00007f9ba8846600, R13=0x000000012aab9648, R14=0x000000000000000c, R15=0x000000012aab9648
RIP=0x000000012aa9b15c, EFLAGS=0x0000000000000202, ERR=0x0000000000000004
  TRAPNO=0x000000000000000e

Top of Stack: (sp=0x000000030612ca40)
0x000000030612ca40:   000000012aa9b121 000000012aa9bbe4
0x000000030612ca50:   00007ff806426f49 00007ff805510509
0x000000030612ca60:   00007ff8055100b9 00007ff80550fcea
0x000000030612ca70:   00007ff8054f40ad 00007ff8054f32a9
0x000000030612ca80:   0000000109839f32 0000000109835955
0x000000030612ca90:   0000000100ecac0e 0000000201184366
0x000000030612caa0:   0000000000000000 00007f9ba8846a22
0x000000030612cab0:   000000b80117e870 00000003ffff0208
0x000000030612cac0:   00007f9ba88469db 00000003000000ff
0x000000030612cad0:   000000030612cbc8 0000000000000000
0x000000030612cae0:   000000030612cb48 000000030612cb68
0x000000030612caf0:   000000030612cbb0 00000002011c8d29
0x000000030612cb00:   0000000201216eb0 0000000042000000
0x000000030612cb10:   000000030612cb48 0000000201211ca0
0x000000030612cb20:   000000030612cbc8 000000030612cb48
0x000000030612cb30:   000000020117e000 000000030612cb70
0x000000030612cb40:   000000030612cc00 0000000000000000
0x000000030612cb50:   0000000032aaaba2 0000000000000000
0x000000030612cb60:   0000000000000000 0000000000000000
0x000000030612cb70:   0000000000000000 0000000000000000
0x000000030612cb80:   0000000000000000 0000000000000000
0x000000030612cb90:   000000030612cc07 0000000000000000
0x000000030612cba0:   0000000000000000 0000000000000000
0x000000030612cbb0:   0000000000000000 0000000000000000
0x000000030612cbc0:   0000000000000000 0000000000000000
0x000000030612cbd0:   0000000000000000 0000000000000000
0x000000030612cbe0:   0000000000000000 0000000000000000
0x000000030612cbf0:   0000000000000000 0000000000000000
0x000000030612cc00:   0000000000000000 0000000000000000
0x000000030612cc10:   0000000000000000 ac162d0ee35f00e3
0x000000030612cc20:   0000000201184366 00007f9ba88469db
0x000000030612cc30:   00007f9ba8009c18 000000030612cdb0 

Instructions: (pc=0x000000012aa9b15c)
0x000000012aa9b05c:   89 f1 31 c0 ff 93 68 04 00 00 49 8b 04 24 4c 89
0x000000012aa9b06c:   e7 5b 41 5c 41 5e 41 5f 5d ff a0 88 00 00 00 4c
0x000000012aa9b07c:   89 e7 4c 89 f6 ff 91 a8 00 00 00 48 89 c6 49 89
0x000000012aa9b08c:   07 48 8d 05 44 e7 01 00 48 83 38 00 0f 84 29 fc
0x000000012aa9b09c:   ff ff 5b 41 5c 41 5e 41 5f 5d c3 66 0f 1f 84 00
0x000000012aa9b0ac:   00 00 00 00 55 48 89 e5 41 57 41 56 41 55 41 54
0x000000012aa9b0bc:   53 48 81 ec 08 04 00 00 48 8b 05 65 00 01 00 48
0x000000012aa9b0cc:   8b 00 48 89 45 d0 4c 8d 3d 6f e5 01 00 49 8b 1f
0x000000012aa9b0dc:   48 85 db 75 7b 48 8b 05 50 00 01 00 48 8b 38 48
0x000000012aa9b0ec:   8d 35 03 90 00 00 48 8d 15 a9 c6 00 00 48 8d 0d
0x000000012aa9b0fc:   c8 c6 00 00 41 b8 5c 00 00 00 31 c0 e8 b3 24 00
0x000000012aa9b10c:   00 48 8d 9d d0 fb ff ff 48 89 df be 80 00 00 00
0x000000012aa9b11c:   e8 63 24 00 00 41 89 c6 48 89 df 89 c6 e8 5c 24
0x000000012aa9b12c:   00 00 49 89 c4 45 85 f6 7e 1b 45 89 f6 31 db 0f
0x000000012aa9b13c:   1f 44 00 00 49 8b 3c dc e8 3f 26 00 00 48 ff c3
0x000000012aa9b14c:   49 39 de 75 ef 4c 89 e7 e8 73 24 00 00 49 8b 1f
0x000000012aa9b15c:   48 8b 0b 48 8d 05 5a e6 01 00 48 8b 30 48 8d 05
0x000000012aa9b16c:   70 e6 01 00 48 8b 10 48 89 df 31 c0 ff 91 e0 00
0x000000012aa9b17c:   00 00 49 89 c6 48 8b 03 48 89 df ff 50 78 48 85
0x000000012aa9b18c:   c0 74 42 49 89 c7 48 8b 03 48 89 df ff 90 88 00
0x000000012aa9b19c:   00 00 4c 8b 03 48 8d 05 a8 e4 01 00 48 8b 30 48
0x000000012aa9b1ac:   8d 05 5e e6 01 00 48 8b 50 50 48 89 df 4c 89 f9
0x000000012aa9b1bc:   31 c0 41 ff 90 68 04 00 00 48 8b 03 48 89 df ff
0x000000012aa9b1cc:   90 88 00 00 00 4d 85 f6 74 6d 48 8b 3d 73 b0 01
0x000000012aa9b1dc:   00 48 8b 35 9c 9c 01 00 4c 8b 2d 9d ff 00 00 41
0x000000012aa9b1ec:   ff d5 49 89 c7 48 8b 1d 58 b0 01 00 48 8b 05 39
0x000000012aa9b1fc:   fe 00 00 48 8b 38 48 8b 35 1f 9e 01 00 41 ff d5
0x000000012aa9b20c:   4c 8b 25 cd a8 01 00 48 89 df 4c 89 e6 48 89 c2
0x000000012aa9b21c:   41 ff d5 48 8b 3d 6a ae 01 00 48 8b 35 a3 a5 01
0x000000012aa9b22c:   00 4c 89 f2 41 ff d5 48 8b 3d 16 b0 01 00 4c 89
0x000000012aa9b23c:   e6 4c 89 fa 41 ff d5 48 8b 05 e6 fe 00 00 48 8b
0x000000012aa9b24c:   00 48 3b 45 d0 75 15 4c 89 f0 48 81 c4 08 04 00 



---------------  P R O C E S S  ---------------

VM state: not at safepoint (normal execution)

VM Mutex/Monitor currently owned by a thread: None

Heap address: 0x0000000700000000, size: 4096 MB, Compressed Oops mode: Zero based, Oop shift amount: 3

CDS archive(s) not mapped
Compressed class space mapped at: 0x0000000800000000-0x0000000840000000, reserved size: 1073741824
Narrow klass base: 0x0000000800000000, Narrow klass shift: 0, Narrow klass range: 0x40000000

GC Precious Log:
<Skipped>

Heap:
 garbage-first heap   total 40960K, used 21063K [0x0000000700000000, 0x0000000800000000)
  region size 2048K, 9 young (18432K), 2 survivors (4096K)
 Metaspace       used 22902K, committed 23104K, reserved 1114112K
  class space    used 2754K, committed 2816K, reserved 1048576K

Heap Regions: E=young(eden), S=young(survivor), O=old, HS=humongous(starts), HC=humongous(continues), CS=collection set, F=free, OA=open archive, CA=closed archive, TAMS=top-at-mark-start (previous, next)
|   0|0x0000000700000000, 0x0000000700200000, 0x0000000700200000|100%| O|  |TAMS 0x0000000700000000, 0x0000000700000000| Untracked 
|   1|0x0000000700200000, 0x000000070032ca00, 0x0000000700400000| 58%| O|  |TAMS 0x0000000700200000, 0x0000000700200000| Complete 
|   2|0x0000000700400000, 0x0000000700600000, 0x0000000700600000|100%|HS|  |TAMS 0x0000000700400000, 0x0000000700400000| Complete 
|   3|0x0000000700600000, 0x0000000700600000, 0x0000000700800000|  0%| F|  |TAMS 0x0000000700600000, 0x0000000700600000| Untracked 
|   4|0x0000000700800000, 0x0000000700800000, 0x0000000700a00000|  0%| F|  |TAMS 0x0000000700800000, 0x0000000700800000| Untracked 
|   5|0x0000000700a00000, 0x0000000700a00000, 0x0000000700c00000|  0%| F|  |TAMS 0x0000000700a00000, 0x0000000700a00000| Untracked 
|   6|0x0000000700c00000, 0x0000000700c00000, 0x0000000700e00000|  0%| F|  |TAMS 0x0000000700c00000, 0x0000000700c00000| Untracked 
|   7|0x0000000700e00000, 0x0000000700e00000, 0x0000000701000000|  0%| F|  |TAMS 0x0000000700e00000, 0x0000000700e00000| Untracked 
|   8|0x0000000701000000, 0x0000000701000000, 0x0000000701200000|  0%| F|  |TAMS 0x0000000701000000, 0x0000000701000000| Untracked 
|   9|0x0000000701200000, 0x0000000701200000, 0x0000000701400000|  0%| F|  |TAMS 0x0000000701200000, 0x0000000701200000| Untracked 
|  10|0x0000000701400000, 0x0000000701400000, 0x0000000701600000|  0%| F|  |TAMS 0x0000000701400000, 0x0000000701400000| Untracked 
|  11|0x0000000701600000, 0x0000000701611930, 0x0000000701800000|  3%| E|  |TAMS 0x0000000701600000, 0x0000000701600000| Complete 
|  12|0x0000000701800000, 0x0000000701a00000, 0x0000000701a00000|100%| E|CS|TAMS 0x0000000701800000, 0x0000000701800000| Complete 
|  13|0x0000000701a00000, 0x0000000701c00000, 0x0000000701c00000|100%| E|CS|TAMS 0x0000000701a00000, 0x0000000701a00000| Complete 
|  14|0x0000000701c00000, 0x0000000701e00000, 0x0000000701e00000|100%| E|CS|TAMS 0x0000000701c00000, 0x0000000701c00000| Complete 
|  15|0x0000000701e00000, 0x0000000702000000, 0x0000000702000000|100%| E|CS|TAMS 0x0000000701e00000, 0x0000000701e00000| Complete 
| 110|0x000000070dc00000, 0x000000070dd53928, 0x000000070de00000| 66%| S|CS|TAMS 0x000000070dc00000, 0x000000070dc00000| Complete 
| 111|0x000000070de00000, 0x000000070e000000, 0x000000070e000000|100%| S|CS|TAMS 0x000000070de00000, 0x000000070de00000| Complete 
| 126|0x000000070fc00000, 0x000000070fe00000, 0x000000070fe00000|100%| E|CS|TAMS 0x000000070fc00000, 0x000000070fc00000| Complete 
| 127|0x000000070fe00000, 0x0000000710000000, 0x0000000710000000|100%| E|CS|TAMS 0x000000070fe00000, 0x000000070fe00000| Complete 

Card table byte_map: [0x000000010a141000,0x000000010a941000] _byte_map_base: 0x0000000106941000

Marking Bits (Prev, Next): (CMBitMap*) 0x00007f9baf008c50, (CMBitMap*) 0x00007f9baf008c10
 Prev Bits: [0x00000001243b4000, 0x00000001283b4000)
 Next Bits: [0x00000001203b4000, 0x00000001243b4000)

Polling page: 0x0000000100ed9000

Metaspace:

Usage:
  Non-class:     19.68 MB used.
      Class:      2.69 MB used.
       Both:     22.37 MB used.

Virtual space:
  Non-class space:       64.00 MB reserved,      19.81 MB ( 31%) committed,  1 nodes.
      Class space:        1.00 GB reserved,       2.75 MB ( <1%) committed,  1 nodes.
             Both:        1.06 GB reserved,      22.56 MB (  2%) committed. 

Chunk freelists:
   Non-Class:  11.98 MB
       Class:  13.26 MB
        Both:  25.24 MB

MaxMetaspaceSize: unlimited
CompressedClassSpaceSize: 1.00 GB
Initial GC threshold: 21.00 MB
Current GC threshold: 35.12 MB
CDS: off
MetaspaceReclaimPolicy: balanced
 - commit_granule_bytes: 65536.
 - commit_granule_words: 8192.
 - virtual_space_node_default_size: 8388608.
 - enlarge_chunks_in_place: 1.
 - new_chunks_are_fully_committed: 0.
 - uncommit_free_chunks: 1.
 - use_allocation_guard: 0.
 - handle_deallocations: 1.


Internal statistics:

num_allocs_failed_limit: 3.
num_arena_births: 192.
num_arena_deaths: 0.
num_vsnodes_births: 2.
num_vsnodes_deaths: 0.
num_space_committed: 361.
num_space_uncommitted: 0.
num_chunks_returned_to_freelist: 3.
num_chunks_taken_from_freelist: 656.
num_chunk_merges: 0.
num_chunk_splits: 456.
num_chunks_enlarged: 355.
num_inconsistent_stats: 0.

CodeHeap 'non-profiled nmethods': size=120028Kb used=961Kb max_used=961Kb free=119066Kb
 bounds [0x000000011867d000, 0x00000001188ed000, 0x000000011fbb4000]
CodeHeap 'profiled nmethods': size=120028Kb used=5118Kb max_used=5118Kb free=114909Kb
 bounds [0x0000000110bb4000, 0x00000001110b4000, 0x00000001180eb000]
CodeHeap 'non-nmethods': size=5704Kb used=1407Kb max_used=1432Kb free=4296Kb
 bounds [0x00000001180eb000, 0x000000011835b000, 0x000000011867d000]
 total_blobs=3620 nmethods=2847 adapters=687
 compilation: enabled
              stopped_count=0, restarted_count=0
 full_count=0

Compilation events (20 events):
Event: 771.974 Thread 0x00007f9bbf00cc00 2838       3       application.Controller$$Lambda$178/0x000000080021fc00::run (8 bytes)
Event: 771.976 Thread 0x00007f9bbf00cc00 nmethod 2838 0x00000001110aca90 code [0x00000001110accc0, 0x00000001110ad390]
Event: 771.976 Thread 0x00007f9bbf00cc00 2839       3       application.Controller::lambda$2 (10 bytes)
Event: 771.978 Thread 0x00007f9bbf00cc00 nmethod 2839 0x00000001110ad690 code [0x00000001110ad8a0, 0x00000001110adef0]
Event: 999.970 Thread 0x00007f9bbf00cc00 2840   !   3       com.sun.javafx.application.PlatformImpl::waitForStart (26 bytes)
Event: 999.972 Thread 0x00007f9bbf00cc00 nmethod 2840 0x00000001110ae190 code [0x00000001110ae3a0, 0x00000001110ae980]
Event: 999.973 Thread 0x00007f9bbf00cc00 2841       3       java.util.concurrent.atomic.AtomicInteger::decrementAndGet (14 bytes)
Event: 999.973 Thread 0x00007f9bbf00cc00 nmethod 2841 0x00000001110aec10 code [0x00000001110aeda0, 0x00000001110aeeb0]
Event: 1038.973 Thread 0x00007f9bbf00cc00 2842       3       java.util.concurrent.ScheduledThreadPoolExecutor$DelayedWorkQueue::finishPoll (43 bytes)
Event: 1038.976 Thread 0x00007f9bbf00cc00 nmethod 2842 0x00000001110aef10 code [0x00000001110af0e0, 0x00000001110af6e0]
Event: 1038.976 Thread 0x00007f9bbf00cc00 2843       3       java.util.concurrent.locks.AbstractQueuedSynchronizer$ConditionObject::awaitNanos (200 bytes)
Event: 1038.979 Thread 0x00007f9bbf00cc00 nmethod 2843 0x00000001110af890 code [0x00000001110afb60, 0x00000001110b0b80]
Event: 1050.974 Thread 0x00007f9bbf00cc00 2844   !   3       java.util.concurrent.ScheduledThreadPoolExecutor$DelayedWorkQueue::offer (123 bytes)
Event: 1050.978 Thread 0x00007f9bbf00cc00 nmethod 2844 0x00000001110b1190 code [0x00000001110b14a0, 0x00000001110b2970]
Event: 1267.698 Thread 0x00007f9bbf00cc00 2845       3       jdk.internal.misc.InnocuousThread::eraseThreadLocals (23 bytes)
Event: 1267.699 Thread 0x00007f9bbf00cc00 nmethod 2845 0x00000001110b3190 code [0x00000001110b3340, 0x00000001110b3530]
Event: 1269.972 Thread 0x00007f9bbf00cc00 2846       3       java.util.concurrent.locks.LockSupport::park (23 bytes)
Event: 1269.973 Thread 0x00007f9bbf00cc00 nmethod 2846 0x00000001110b3590 code [0x00000001110b3760, 0x00000001110b3920]
Event: 1545.976 Thread 0x00007f9bc080c400 2847       4       java.util.concurrent.locks.ReentrantLock$NonfairSync::initialTryLock (58 bytes)
Event: 1545.980 Thread 0x00007f9bc080c400 nmethod 2847 0x000000011876d390 code [0x000000011876d520, 0x000000011876d6d8]

GC Heap History (4 events):
Event: 6.449 GC heap before
{Heap before GC invocations=0 (full 0):
 garbage-first heap   total 262144K, used 20480K [0x0000000700000000, 0x0000000800000000)
  region size 2048K, 11 young (22528K), 0 survivors (0K)
 Metaspace       used 14115K, committed 14272K, reserved 1114112K
  class space    used 1452K, committed 1536K, reserved 1048576K
}
Event: 6.461 GC heap after
{Heap after GC invocations=1 (full 0):
 garbage-first heap   total 262144K, used 3374K [0x0000000700000000, 0x0000000800000000)
  region size 2048K, 2 young (4096K), 2 survivors (4096K)
 Metaspace       used 14115K, committed 14272K, reserved 1114112K
  class space    used 1452K, committed 1536K, reserved 1048576K
}
Event: 7.541 GC heap before
{Heap before GC invocations=1 (full 0):
 garbage-first heap   total 262144K, used 29998K [0x0000000700000000, 0x0000000800000000)
  region size 2048K, 16 young (32768K), 2 survivors (4096K)
 Metaspace       used 21317K, committed 21504K, reserved 1114112K
  class space    used 2623K, committed 2752K, reserved 1048576K
}
Event: 7.555 GC heap after
{Heap after GC invocations=2 (full 0):
 garbage-first heap   total 262144K, used 6656K [0x0000000700000000, 0x0000000800000000)
  region size 2048K, 2 young (4096K), 2 survivors (4096K)
 Metaspace       used 21317K, committed 21504K, reserved 1114112K
  class space    used 2623K, committed 2752K, reserved 1048576K
}

Dll operation events (8 events):
Event: 0.008 Loaded shared library /Users/ashlynsassaman/.p2/pool/plugins/org.eclipse.justj.openjdk.hotspot.jre.full.macosx.x86_64_17.0.8.v20230801-1951/jre/lib/libjava.dylib
Event: 0.097 Loaded shared library /Users/ashlynsassaman/.p2/pool/plugins/org.eclipse.justj.openjdk.hotspot.jre.full.macosx.x86_64_17.0.8.v20230801-1951/jre/lib/libnio.dylib
Event: 0.207 Loaded shared library /Users/ashlynsassaman/.p2/pool/plugins/org.eclipse.justj.openjdk.hotspot.jre.full.macosx.x86_64_17.0.8.v20230801-1951/jre/lib/libnet.dylib
Event: 0.270 Loaded shared library /Users/ashlynsassaman/.p2/pool/plugins/org.eclipse.justj.openjdk.hotspot.jre.full.macosx.x86_64_17.0.8.v20230801-1951/jre/lib/libzip.dylib
Event: 0.888 Loaded shared library /Users/ashlynsassaman/javafx-sdk-22.0.1/lib/libprism_es2.dylib
Event: 0.973 Loaded shared library /Users/ashlynsassaman/javafx-sdk-22.0.1/lib/libglass.dylib
Event: 6.083 Loaded shared library /Users/ashlynsassaman/.p2/pool/plugins/org.eclipse.justj.openjdk.hotspot.jre.full.macosx.x86_64_17.0.8.v20230801-1951/jre/lib/libjimage.dylib
Event: 6.636 Loaded shared library /Users/ashlynsassaman/javafx-sdk-22.0.1/lib/libjavafx_font.dylib

Deoptimization events (20 events):
Event: 17.136 Thread 0x00007f9bc080ac00 DEOPT PACKING pc=0x0000000110f5d5ac sp=0x00000003075f8270
Event: 17.136 Thread 0x00007f9bc080ac00 DEOPT UNPACKING pc=0x0000000118141e10 sp=0x00000003075f76e0 mode 0
Event: 23.607 Thread 0x00007f9baf0cb200 DEOPT PACKING pc=0x0000000110f45e13 sp=0x0000000306129e40
Event: 23.607 Thread 0x00007f9baf0cb200 DEOPT UNPACKING pc=0x0000000118141e10 sp=0x0000000306129318 mode 0
Event: 24.989 Thread 0x00007f9baf0cb200 DEOPT PACKING pc=0x0000000110f9844a sp=0x000000030612ace0
Event: 24.989 Thread 0x00007f9baf0cb200 DEOPT UNPACKING pc=0x0000000118141e10 sp=0x000000030612a190 mode 0
Event: 24.991 Thread 0x00007f9baf0cb200 Uncommon trap: trap_request=0xffffff45 fr.pc=0x00000001187457a8 relative=0x0000000000000548
Event: 24.991 Thread 0x00007f9baf0cb200 Uncommon trap: reason=unstable_if action=reinterpret pc=0x00000001187457a8 method=com.sun.scenario.animation.shared.InfiniteClipEnvelope.timePulse(J)V @ 67 c2
Event: 24.992 Thread 0x00007f9baf0cb200 DEOPT PACKING pc=0x00000001187457a8 sp=0x000000030612b510
Event: 24.992 Thread 0x00007f9baf0cb200 DEOPT UNPACKING pc=0x0000000118141693 sp=0x000000030612b1e8 mode 2
Event: 26.070 Thread 0x00007f9bc080ac00 DEOPT PACKING pc=0x0000000110f2bd40 sp=0x00000003075f81f0
Event: 26.070 Thread 0x00007f9bc080ac00 DEOPT UNPACKING pc=0x0000000118141e10 sp=0x00000003075f76c0 mode 0
Event: 39.646 Thread 0x00007f9baf0cb200 Uncommon trap: trap_request=0xffffff45 fr.pc=0x00000001187646b4 relative=0x0000000000000114
Event: 39.646 Thread 0x00007f9baf0cb200 Uncommon trap: reason=unstable_if action=reinterpret pc=0x00000001187646b4 method=java.util.concurrent.locks.ReentrantLock$Sync.tryRelease(I)Z @ 26 c2
Event: 39.646 Thread 0x00007f9baf0cb200 DEOPT PACKING pc=0x00000001187646b4 sp=0x000000030612b000
Event: 39.646 Thread 0x00007f9baf0cb200 DEOPT UNPACKING pc=0x0000000118141693 sp=0x000000030612afa0 mode 2
Event: 114.974 Thread 0x00007f9baf0ed000 Uncommon trap: trap_request=0xffffff45 fr.pc=0x0000000118750738 relative=0x0000000000000098
Event: 114.974 Thread 0x00007f9baf0ed000 Uncommon trap: reason=unstable_if action=reinterpret pc=0x0000000118750738 method=java.util.concurrent.locks.LockSupport.unpark(Ljava/lang/Thread;)V @ 1 c2
Event: 114.974 Thread 0x00007f9baf0ed000 DEOPT PACKING pc=0x0000000118750738 sp=0x0000000308225720
Event: 114.974 Thread 0x00007f9baf0ed000 DEOPT UNPACKING pc=0x0000000118141693 sp=0x0000000308225670 mode 2

Classes unloaded (0 events):
No events

Classes redefined (0 events):
No events

Internal exceptions (20 events):
Event: 6.287 Thread 0x00007f9bbf009a00 Exception <a 'java/lang/NoSuchMethodError'{0x000000070f3ccab0}: 'java.lang.Object java.lang.invoke.DirectMethodHandle$Holder.newInvokeSpecial(java.lang.Object, java.lang.Object, java.lang.Object, java.lang.Object, java.lang.Object, java.lang.Object)'> (0x000000070f3ccab0) 
thrown [src/hotspot/share/interpreter/linkResolver.cpp, line 759]
Event: 6.345 Thread 0x00007f9bbf009a00 Exception <a 'java/lang/NoSuchMethodError'{0x000000070f3fd2e0}: 'java.lang.Object java.lang.invoke.DirectMethodHandle$Holder.newInvokeSpecial(java.lang.Object, java.lang.Object, java.lang.Object, java.lang.Object, java.lang.Object)'> (0x000000070f3fd2e0) 
thrown [src/hotspot/share/interpreter/linkResolver.cpp, line 759]
Event: 6.351 Thread 0x00007f9bc092ca00 Exception <a 'java/lang/NoSuchMethodError'{0x000000070ece5d40}: 'void java.lang.invoke.DirectMethodHandle$Holder.invokeStatic(java.lang.Object, java.lang.Object, java.lang.Object, java.lang.Object)'> (0x000000070ece5d40) 
thrown [src/hotspot/share/interpreter/linkResolver.cpp, line 759]
Event: 6.416 Thread 0x00007f9baf0cb200 Exception <a 'sun/nio/fs/UnixException'{0x000000070eb10ac8}> (0x000000070eb10ac8) 
thrown [src/hotspot/share/prims/jni.cpp, line 516]
Event: 6.508 Thread 0x00007f9baf0cb200 Exception <a 'java/lang/NoSuchMethodError'{0x000000070ffe5070}: 'java.lang.Object java.lang.invoke.DirectMethodHandle$Holder.invokeStaticInit(java.lang.Object, java.lang.Object, java.lang.Object, java.lang.Object)'> (0x000000070ffe5070) 
thrown [src/hotspot/share/interpreter/linkResolver.cpp, line 759]
Event: 6.519 Thread 0x00007f9baf0cb200 Exception <a 'java/lang/NullPointerException'{0x000000070fff0cb8}> (0x000000070fff0cb8) 
thrown [src/hotspot/share/interpreter/linkResolver.cpp, line 1350]
Event: 6.553 Thread 0x00007f9baf0cb200 Exception <a 'java/lang/NoSuchMethodError'{0x000000070fd72cf8}: 'java.lang.Object java.lang.invoke.DirectMethodHandle$Holder.invokeSpecial(java.lang.Object, java.lang.Object, java.lang.Object, int, java.lang.Object)'> (0x000000070fd72cf8) 
thrown [src/hotspot/share/interpreter/linkResolver.cpp, line 759]
Event: 6.796 Thread 0x00007f9baf0cb200 Exception <a 'java/lang/NoSuchMethodError'{0x000000070f43b4d8}: 'void java.lang.invoke.DirectMethodHandle$Holder.invokeStaticInit(java.lang.Object, java.lang.Object)'> (0x000000070f43b4d8) 
thrown [src/hotspot/share/interpreter/linkResolver.cpp, line 759]
Event: 6.802 Thread 0x00007f9baf0cb200 Exception <a 'java/lang/NoSuchMethodError'{0x000000070f470510}: 'void java.lang.invoke.DirectMethodHandle$Holder.invokeSpecial(java.lang.Object, java.lang.Object, java.lang.Object, java.lang.Object, java.lang.Object)'> (0x000000070f470510) 
thrown [src/hotspot/share/interpreter/linkResolver.cpp, line 759]
Event: 6.973 Thread 0x00007f9baf2c3800 Implicit null exception at 0x00000001186bb958 to 0x00000001186bb9ea
Event: 6.973 Thread 0x00007f9baf2c3800 Implicit null exception at 0x00000001186d2d2f to 0x00000001186d2da9
Event: 7.217 Thread 0x00007f9baf0cb200 Exception <a 'java/lang/NoSuchMethodError'{0x000000070e41dc40}: 'java.lang.Object java.lang.invoke.DirectMethodHandle$Holder.invokeInterface(java.lang.Object, java.lang.Object, java.lang.Object)'> (0x000000070e41dc40) 
thrown [src/hotspot/share/interpreter/linkResolver.cpp, line 759]
Event: 7.221 Thread 0x00007f9baf0cb200 Exception <a 'java/lang/IncompatibleClassChangeError'{0x000000070e4215c8}: Found class java.lang.Object, but interface was expected> (0x000000070e4215c8) 
thrown [src/hotspot/share/interpreter/linkResolver.cpp, line 826]
Event: 7.419 Thread 0x00007f9baf0cb200 Exception <a 'java/lang/NoSuchMethodError'{0x000000070e21c6b8}: 'java.lang.Object java.lang.invoke.DirectMethodHandle$Holder.newInvokeSpecial(java.lang.Object, java.lang.Object, int)'> (0x000000070e21c6b8) 
thrown [src/hotspot/share/interpreter/linkResolver.cpp, line 759]
Event: 7.460 Thread 0x00007f9baf0cb200 Exception <a 'java/lang/NoSuchMethodError'{0x000000070e295f60}: 'long java.lang.invoke.DirectMethodHandle$Holder.invokeStatic(java.lang.Object, java.lang.Object, java.lang.Object)'> (0x000000070e295f60) 
thrown [src/hotspot/share/interpreter/linkResolver.cpp, line 759]
Event: 7.462 Thread 0x00007f9baf0cb200 Exception <a 'java/lang/NoSuchMethodError'{0x000000070e299708}: 'long java.lang.invoke.DirectMethodHandle$Holder.invokeStaticInit(java.lang.Object, java.lang.Object, java.lang.Object)'> (0x000000070e299708) 
thrown [src/hotspot/share/interpreter/linkResolver.cpp, line 759]
Event: 7.464 Thread 0x00007f9baf0cb200 Exception <a 'java/lang/NoSuchMethodError'{0x000000070e2b1308}: 'java.lang.Object java.lang.invoke.DirectMethodHandle$Holder.newInvokeSpecial(java.lang.Object, java.lang.Object, long)'> (0x000000070e2b1308) 
thrown [src/hotspot/share/interpreter/linkResolver.cpp, line 759]
Event: 7.464 Thread 0x00007f9baf0cb200 Exception <a 'java/lang/NoSuchMethodError'{0x000000070e2b4bd0}: 'java.lang.Object java.lang.invoke.Invokers$Holder.linkToTargetMethod(java.lang.Object, long, java.lang.Object)'> (0x000000070e2b4bd0) 
thrown [src/hotspot/share/interpreter/linkResolver.cpp, line 759]
Event: 7.496 Thread 0x00007f9bc080ac00 Exception <a 'java/lang/NoSuchMethodError'{0x000000070e04e040}: 'int java.lang.invoke.DirectMethodHandle$Holder.invokeStaticInit(java.lang.Object, java.lang.Object)'> (0x000000070e04e040) 
thrown [src/hotspot/share/interpreter/linkResolver.cpp, line 759]
Event: 14.046 Thread 0x00007f9baf0cb200 Exception <a 'java/lang/NoSuchMethodError'{0x0000000701dc5b30}: 'long java.lang.invoke.DirectMethodHandle$Holder.invokeStatic(java.lang.Object, java.lang.Object)'> (0x0000000701dc5b30) 
thrown [src/hotspot/share/interpreter/linkResolver.cpp, line 759]

VM Operations (20 events):
Event: 38.173 Executing VM operation: Cleanup
Event: 38.174 Executing VM operation: Cleanup done
Event: 39.179 Executing VM operation: Cleanup
Event: 39.180 Executing VM operation: Cleanup done
Event: 40.185 Executing VM operation: Cleanup
Event: 40.186 Executing VM operation: Cleanup done
Event: 60.050 Executing VM operation: HandshakeAllThreads
Event: 60.050 Executing VM operation: HandshakeAllThreads done
Event: 130.325 Executing VM operation: Cleanup
Event: 130.325 Executing VM operation: Cleanup done
Event: 511.727 Executing VM operation: Cleanup
Event: 511.727 Executing VM operation: Cleanup done
Event: 532.791 Executing VM operation: Cleanup
Event: 532.792 Executing VM operation: Cleanup done
Event: 658.202 Executing VM operation: Cleanup
Event: 658.202 Executing VM operation: Cleanup done
Event: 775.608 Executing VM operation: Cleanup
Event: 775.608 Executing VM operation: Cleanup done
Event: 1549.365 Executing VM operation: Cleanup
Event: 1549.365 Executing VM operation: Cleanup done

Events (20 events):
Event: 14.058 loading class java/util/stream/Node$Builder$OfLong done
Event: 14.058 loading class java/util/stream/Nodes$LongArrayNode
Event: 14.058 loading class java/util/stream/Nodes$LongArrayNode done
Event: 14.059 loading class java/util/stream/Nodes$LongFixedNodeBuilder done
Event: 14.059 loading class java/util/stream/ReferencePipeline$5$1
Event: 14.059 loading class java/util/stream/ReferencePipeline$5$1 done
Event: 15.974 Thread 0x00007f9ba900a600 Thread added: 0x00007f9ba900a600
Event: 15.974 Protecting memory [0x0000000308ad3000,0x0000000308ad7000] with protection modes 0
Event: 39.592 Protecting memory [0x0000000307f20000,0x0000000307f24000] with protection modes 3
Event: 39.593 Thread 0x00007f9baf2c3800 Thread exited: 0x00007f9baf2c3800
Event: 39.647 Protecting memory [0x00000003074fa000,0x00000003074fe000] with protection modes 3
Event: 39.647 Thread 0x00007f9bc080ac00 Thread exited: 0x00007f9bc080ac00
Event: 39.648 Protecting memory [0x0000000305930000,0x0000000305934000] with protection modes 3
Event: 39.648 Thread 0x00007f9baf0cb200 Thread exited: 0x00007f9baf0cb200
Event: 39.648 Protecting memory [0x000000030790e000,0x0000000307912000] with protection modes 3
Event: 39.648 Thread 0x00007f9bc092ca00 Thread exited: 0x00007f9bc092ca00
Event: 39.650 Protecting memory [0x00000003061b3000,0x00000003061b7000] with protection modes 3
Event: 39.650 Thread 0x00007f9bbf009a00 Thread exited: 0x00007f9bbf009a00
Event: 39.650 Protecting memory [0x00000003061b3000,0x00000003061b7000] with protection modes 0
Event: 39.650 Thread 0x00007f9bc092ca00 Thread added: 0x00007f9bc092ca00


Dynamic libraries:
0x0000000109833000 	/Users/ashlynsassaman/.p2/pool/plugins/org.eclipse.justj.openjdk.hotspot.jre.full.macosx.x86_64_17.0.8.v20230801-1951/jre/lib/libjli.dylib
0x00007ff812c59000 	/usr/lib/libz.1.dylib
0x00007ff812d41000 	/usr/lib/libSystem.B.dylib
0x00007ff812d3b000 	/usr/lib/system/libcache.dylib
0x00007ff812cf7000 	/usr/lib/system/libcommonCrypto.dylib
0x00007ff812d1f000 	/usr/lib/system/libcompiler_rt.dylib
0x00007ff812d14000 	/usr/lib/system/libcopyfile.dylib
0x00007ff80517d000 	/usr/lib/system/libcorecrypto.dylib
0x00007ff805274000 	/usr/lib/system/libdispatch.dylib
0x00007ff80541e000 	/usr/lib/system/libdyld.dylib
0x00007ff812d31000 	/usr/lib/system/libkeymgr.dylib
0x00007ff812cd8000 	/usr/lib/system/libmacho.dylib
0x00007ff812007000 	/usr/lib/system/libquarantine.dylib
0x00007ff812d2f000 	/usr/lib/system/libremovefile.dylib
0x00007ff80aa16000 	/usr/lib/system/libsystem_asl.dylib
0x00007ff805117000 	/usr/lib/system/libsystem_blocks.dylib
0x00007ff8052be000 	/usr/lib/system/libsystem_c.dylib
0x00007ff812d27000 	/usr/lib/system/libsystem_collections.dylib
0x00007ff810e59000 	/usr/lib/system/libsystem_configuration.dylib
0x00007ff80fe82000 	/usr/lib/system/libsystem_containermanager.dylib
0x00007ff812929000 	/usr/lib/system/libsystem_coreservices.dylib
0x00007ff8085cd000 	/usr/lib/system/libsystem_darwin.dylib
0x00007ffc19151000 	/usr/lib/system/libsystem_darwindirectory.dylib
0x00007ff812d32000 	/usr/lib/system/libsystem_dnssd.dylib
0x00007ffc19155000 	/usr/lib/system/libsystem_eligibility.dylib
0x00007ff8052bb000 	/usr/lib/system/libsystem_featureflags.dylib
0x00007ff80544e000 	/usr/lib/system/libsystem_info.dylib
0x00007ff812c6d000 	/usr/lib/system/libsystem_m.dylib
0x00007ff805234000 	/usr/lib/system/libsystem_malloc.dylib
0x00007ff80a98a000 	/usr/lib/system/libsystem_networkextension.dylib
0x00007ff808a19000 	/usr/lib/system/libsystem_notify.dylib
0x00007ff810e5d000 	/usr/lib/system/libsystem_sandbox.dylib
0x00007ffc19158000 	/usr/lib/system/libsystem_sanitizers.dylib
0x00007ff812d2c000 	/usr/lib/system/libsystem_secinit.dylib
0x00007ff8053d7000 	/usr/lib/system/libsystem_kernel.dylib
0x00007ff805443000 	/usr/lib/system/libsystem_platform.dylib
0x00007ff805412000 	/usr/lib/system/libsystem_pthread.dylib
0x00007ff80c686000 	/usr/lib/system/libsystem_symptoms.dylib
0x00007ff805163000 	/usr/lib/system/libsystem_trace.dylib
0x00007ff812d03000 	/usr/lib/system/libunwind.dylib
0x00007ff80511b000 	/usr/lib/system/libxpc.dylib
0x00007ff8053c1000 	/usr/lib/libc++abi.dylib
0x00007ff805044000 	/usr/lib/libobjc.A.dylib
0x00007ff812d0c000 	/usr/lib/liboah.dylib
0x00007ff805346000 	/usr/lib/libc++.1.dylib
0x00007ff820c14000 	/System/Library/Frameworks/Cocoa.framework/Versions/A/Cocoa
0x00007ff808a7e000 	/System/Library/Frameworks/AppKit.framework/Versions/C/AppKit
0x00007ff80bde6000 	/System/Library/Frameworks/CoreData.framework/Versions/A/CoreData
0x00007ff8063aa000 	/System/Library/Frameworks/Foundation.framework/Versions/C/Foundation
0x00007ff809eac000 	/System/Library/PrivateFrameworks/UIFoundation.framework/Versions/A/UIFoundation
0x00007ffb0e87a000 	/System/Library/PrivateFrameworks/CollectionViewCore.framework/Versions/A/CollectionViewCore
0x00007ff81a3fb000 	/System/Library/PrivateFrameworks/RemoteViewServices.framework/Versions/A/RemoteViewServices
0x00007ff81065e000 	/System/Library/PrivateFrameworks/XCTTargetBootstrap.framework/Versions/A/XCTTargetBootstrap
0x00007ff815815000 	/System/Library/PrivateFrameworks/InternationalSupport.framework/Versions/A/InternationalSupport
0x00007ff815869000 	/System/Library/PrivateFrameworks/UserActivity.framework/Versions/A/UserActivity
0x00007ffc10759000 	/System/Library/PrivateFrameworks/WindowManagement.framework/Versions/A/WindowManagement
0x00007ff806059000 	/System/Library/Frameworks/SystemConfiguration.framework/Versions/A/SystemConfiguration
0x00007ff814b8e000 	/usr/lib/libspindump.dylib
0x00007ff80a089000 	/System/Library/Frameworks/UniformTypeIdentifiers.framework/Versions/A/UniformTypeIdentifiers
0x00007ff80e64d000 	/usr/lib/libapp_launch_measurement.dylib
0x00007ff80d331000 	/System/Library/PrivateFrameworks/CoreAnalytics.framework/Versions/A/CoreAnalytics
0x00007ff80e650000 	/System/Library/PrivateFrameworks/CoreAutoLayout.framework/Versions/A/CoreAutoLayout
0x00007ff80feca000 	/System/Library/Frameworks/Metal.framework/Versions/A/Metal
0x00007ff810e69000 	/usr/lib/liblangid.dylib
0x00007ff810663000 	/System/Library/PrivateFrameworks/CoreSVG.framework/Versions/A/CoreSVG
0x00007ff80aa4b000 	/System/Library/PrivateFrameworks/SkyLight.framework/Versions/A/SkyLight
0x00007ff80aeac000 	/System/Library/Frameworks/CoreGraphics.framework/Versions/A/CoreGraphics
0x00007ff81aac7000 	/System/Library/Frameworks/Accelerate.framework/Versions/A/Accelerate
0x00007ff8149ef000 	/System/Library/PrivateFrameworks/IconServices.framework/Versions/A/IconServices
0x00007ff80feab000 	/System/Library/Frameworks/IOSurface.framework/Versions/A/IOSurface
0x00007ff80d35d000 	/usr/lib/libDiagnosticMessagesClient.dylib
0x00007ff81e4ef000 	/System/Library/Frameworks/ApplicationServices.framework/Versions/A/ApplicationServices
0x00007ff81064b000 	/System/Library/PrivateFrameworks/DFRFoundation.framework/Versions/A/DFRFoundation
0x00007ff80832c000 	/usr/lib/libicucore.A.dylib
0x00007ff8167b6000 	/System/Library/Frameworks/AudioToolbox.framework/Versions/A/AudioToolbox
0x00007ff815824000 	/System/Library/PrivateFrameworks/DataDetectorsCore.framework/Versions/A/DataDetectorsCore
0x00007ff90fcc7000 	/System/Library/PrivateFrameworks/TextInput.framework/Versions/A/TextInput
0x00007ff80a9a4000 	/usr/lib/libMobileGestalt.dylib
0x00007ff8103b0000 	/System/Library/Frameworks/Carbon.framework/Versions/A/Frameworks/HIToolbox.framework/Versions/A/HIToolbox
0x00007ff80dfa9000 	/System/Library/Frameworks/QuartzCore.framework/Versions/A/QuartzCore
0x00007ff807f7e000 	/System/Library/Frameworks/Security.framework/Versions/A/Security
0x00007ff81a433000 	/System/Library/Frameworks/Carbon.framework/Versions/A/Frameworks/SpeechRecognition.framework/Versions/A/SpeechRecognition
0x00007ff80e380000 	/System/Library/PrivateFrameworks/CoreUI.framework/Versions/A/CoreUI
0x00007ff807859000 	/System/Library/Frameworks/CoreAudio.framework/Versions/A/CoreAudio
0x00007ff80d43d000 	/System/Library/Frameworks/DiskArbitration.framework/Versions/A/DiskArbitration
0x00007ff814fbe000 	/System/Library/PrivateFrameworks/MultitouchSupport.framework/Versions/A/MultitouchSupport
0x00007ff80a9a3000 	/usr/lib/libenergytrace.dylib
0x00007ff90559c000 	/System/Library/PrivateFrameworks/RenderBox.framework/Versions/A/RenderBox
0x00007ff808955000 	/System/Library/Frameworks/IOKit.framework/Versions/A/IOKit
0x00007ff81a806000 	/System/Library/Frameworks/CoreServices.framework/Versions/A/CoreServices
0x00007ff80e5e5000 	/System/Library/PrivateFrameworks/PerformanceAnalysis.framework/Versions/A/PerformanceAnalysis
0x00007ffa1e9a0000 	/System/Library/Frameworks/OpenGL.framework/Versions/A/OpenGL
0x00007ff80e699000 	/usr/lib/libxml2.2.dylib
0x00007ff811f2c000 	/System/Library/PrivateFrameworks/MobileKeyBag.framework/Versions/A/MobileKeyBag
0x00007ff81a782000 	/System/Library/Frameworks/Accessibility.framework/Versions/A/Accessibility
0x00007ff80b740000 	/System/Library/Frameworks/ColorSync.framework/Versions/A/ColorSync
0x00007ff805479000 	/System/Library/Frameworks/CoreFoundation.framework/Versions/A/CoreFoundation
0x00007ff8109d6000 	/System/Library/Frameworks/CoreImage.framework/Versions/A/CoreImage
0x00007ff807652000 	/System/Library/Frameworks/CoreText.framework/Versions/A/CoreText
0x00007ffa24bb2000 	/System/Library/Frameworks/CoreTransferable.framework/Versions/A/CoreTransferable
0x00007ffa24fb7000 	/System/Library/Frameworks/DeveloperToolsSupport.framework/Versions/A/DeveloperToolsSupport
0x00007ff81069c000 	/System/Library/Frameworks/ImageIO.framework/Versions/A/ImageIO
0x00007ffb0923c000 	/System/Library/Frameworks/Symbols.framework/Versions/A/Symbols
0x00007ff812d46000 	/System/Library/PrivateFrameworks/SoftLinking.framework/Versions/A/SoftLinking
0x00007ff816226000 	/usr/lib/swift/libswiftCore.dylib
0x00007ff90c8ab000 	/usr/lib/swift/libswiftCoreFoundation.dylib
0x00007ff90a538000 	/usr/lib/swift/libswiftCoreGraphics.dylib
0x00007ff90c8e9000 	/usr/lib/swift/libswiftCoreImage.dylib
0x00007ff90a53f000 	/usr/lib/swift/libswiftDarwin.dylib
0x00007ff81c169000 	/usr/lib/swift/libswiftDispatch.dylib
0x00007ff90c8ea000 	/usr/lib/swift/libswiftIOKit.dylib
0x00007ff9188d9000 	/usr/lib/swift/libswiftMetal.dylib
0x00007ffa06033000 	/usr/lib/swift/libswiftOSLog.dylib
0x00007ff81e95a000 	/usr/lib/swift/libswiftObjectiveC.dylib
0x00007ff91ce6a000 	/usr/lib/swift/libswiftQuartzCore.dylib
0x00007ff920f55000 	/usr/lib/swift/libswiftUniformTypeIdentifiers.dylib
0x00007ff90c8bb000 	/usr/lib/swift/libswiftXPC.dylib
0x00007ffc18e23000 	/usr/lib/swift/libswift_Concurrency.dylib
0x00007ff81e95e000 	/usr/lib/swift/libswiftos.dylib
0x00007ff90fc29000 	/usr/lib/swift/libswiftsimd.dylib
0x00007ff812edf000 	/usr/lib/libcompression.dylib
0x00007ff815755000 	/System/Library/PrivateFrameworks/TextureIO.framework/Versions/A/TextureIO
0x00007ff8145fa000 	/usr/lib/libate.dylib
0x00007ff814380000 	/usr/lib/liblzma.5.dylib
0x00007ff812d43000 	/usr/lib/libfakelink.dylib
0x00007ff80a5da000 	/System/Library/Frameworks/CFNetwork.framework/Versions/A/CFNetwork
0x00007ff812d95000 	/usr/lib/libarchive.2.dylib
0x00007ff81867f000 	/System/Library/Frameworks/Combine.framework/Versions/A/Combine
0x00007ffb0e88f000 	/System/Library/PrivateFrameworks/CollectionsInternal.framework/Versions/A/CollectionsInternal
0x00007ffb23ab7000 	/System/Library/PrivateFrameworks/ReflectionInternal.framework/Versions/A/ReflectionInternal
0x00007ffb24030000 	/System/Library/PrivateFrameworks/RuntimeInternal.framework/Versions/A/RuntimeInternal
0x00007ffc18f5e000 	/usr/lib/swift/libswift_StringProcessing.dylib
0x00007ff8088d3000 	/System/Library/PrivateFrameworks/CoreServicesInternal.framework/Versions/A/CoreServicesInternal
0x00007ff81202c000 	/usr/lib/libbsm.0.dylib
0x00007ff812cde000 	/usr/lib/system/libkxld.dylib
0x00007ff80e618000 	/System/Library/Frameworks/CoreServices.framework/Versions/A/Frameworks/FSEvents.framework/Versions/A/FSEvents
0x00007ff8085d8000 	/System/Library/Frameworks/CoreServices.framework/Versions/A/Frameworks/CarbonCore.framework/Versions/A/CarbonCore
0x00007ff80d3a5000 	/System/Library/Frameworks/CoreServices.framework/Versions/A/Frameworks/Metadata.framework/Versions/A/Metadata
0x00007ff81292f000 	/System/Library/Frameworks/CoreServices.framework/Versions/A/Frameworks/OSServices.framework/Versions/A/OSServices
0x00007ff812e1e000 	/System/Library/Frameworks/CoreServices.framework/Versions/A/Frameworks/SearchKit.framework/Versions/A/SearchKit
0x00007ff80c60c000 	/System/Library/Frameworks/CoreServices.framework/Versions/A/Frameworks/AE.framework/Versions/A/AE
0x00007ff805913000 	/System/Library/Frameworks/CoreServices.framework/Versions/A/Frameworks/LaunchServices.framework/Versions/A/LaunchServices
0x00007ff814331000 	/System/Library/Frameworks/CoreServices.framework/Versions/A/Frameworks/DictionaryServices.framework/Versions/A/DictionaryServices
0x00007ff80e625000 	/System/Library/Frameworks/CoreServices.framework/Versions/A/Frameworks/SharedFileList.framework/Versions/A/SharedFileList
0x00007ff812ea9000 	/usr/lib/libapple_nghttp2.dylib
0x00007ff80c281000 	/usr/lib/libsqlite3.dylib
0x00007ff80c68e000 	/System/Library/Frameworks/Network.framework/Versions/A/Network
0x00007ffc177d3000 	/usr/lib/libCoreEntitlements.dylib
0x00007ffb1f2ba000 	/System/Library/PrivateFrameworks/MessageSecurity.framework/Versions/A/MessageSecurity
0x00007ff80c268000 	/System/Library/PrivateFrameworks/ProtocolBuffer.framework/Versions/A/ProtocolBuffer
0x00007ff81284c000 	/System/Library/PrivateFrameworks/AppleFSCompression.framework/Versions/A/AppleFSCompression
0x00007ff812014000 	/usr/lib/libcoretls.dylib
0x00007ff81439f000 	/usr/lib/libcoretls_cfhelpers.dylib
0x00007ff812ed9000 	/usr/lib/libpam.2.dylib
0x00007ff814418000 	/usr/lib/libxar.1.dylib
0x00007ff8149c8000 	/usr/lib/libheimdal-asn1.dylib
0x00007ff80a5d9000 	/usr/lib/libnetwork.dylib
0x00007ff812d47000 	/usr/lib/libpcap.A.dylib
0x00007ff80c67c000 	/usr/lib/libdns_services.dylib
0x00007ff810e64000 	/System/Library/PrivateFrameworks/AppleSystemInfo.framework/Versions/A/AppleSystemInfo
0x00007ff811d2d000 	/System/Library/PrivateFrameworks/IOMobileFramebuffer.framework/Versions/A/IOMobileFramebuffer
0x00007ffc18eb0000 	/usr/lib/swift/libswift_RegexParser.dylib
0x00007ff81291a000 	/usr/lib/libbz2.1.0.dylib
0x00007ff81200a000 	/usr/lib/libCheckFix.dylib
0x00007ff80aa2d000 	/System/Library/PrivateFrameworks/TCC.framework/Versions/A/TCC
0x00007ff810e6b000 	/System/Library/PrivateFrameworks/CoreNLP.framework/Versions/A/CoreNLP
0x00007ff80d35f000 	/System/Library/PrivateFrameworks/MetadataUtilities.framework/Versions/A/MetadataUtilities
0x00007ff81203c000 	/usr/lib/libmecab.dylib
0x00007ff8060e0000 	/usr/lib/libCRFSuite.dylib
0x00007ff812095000 	/usr/lib/libgermantok.dylib
0x00007ff812e84000 	/usr/lib/libThaiTokenizer.dylib
0x00007ff80d445000 	/System/Library/Frameworks/Accelerate.framework/Versions/A/Frameworks/vImage.framework/Versions/A/vImage
0x00007ff81a7dc000 	/System/Library/Frameworks/Accelerate.framework/Versions/A/Frameworks/vecLib.framework/Versions/A/vecLib
0x00007ff81445a000 	/System/Library/Frameworks/Accelerate.framework/Versions/A/Frameworks/vecLib.framework/Versions/A/libvMisc.dylib
0x00007ff811afd000 	/System/Library/Frameworks/Accelerate.framework/Versions/A/Frameworks/vecLib.framework/Versions/A/libvDSP.dylib
0x00007ff805d20000 	/System/Library/Frameworks/Accelerate.framework/Versions/A/Frameworks/vecLib.framework/Versions/A/libBLAS.dylib
0x00007ff812fc1000 	/System/Library/Frameworks/Accelerate.framework/Versions/A/Frameworks/vecLib.framework/Versions/A/libLAPACK.dylib
0x00007ff812098000 	/System/Library/Frameworks/Accelerate.framework/Versions/A/Frameworks/vecLib.framework/Versions/A/libLinearAlgebra.dylib
0x00007ff812ec4000 	/System/Library/Frameworks/Accelerate.framework/Versions/A/Frameworks/vecLib.framework/Versions/A/libSparseBLAS.dylib
0x00007ff812fbb000 	/System/Library/Frameworks/Accelerate.framework/Versions/A/Frameworks/vecLib.framework/Versions/A/libQuadrature.dylib
0x00007ff810f81000 	/System/Library/Frameworks/Accelerate.framework/Versions/A/Frameworks/vecLib.framework/Versions/A/libBNNS.dylib
0x00007ff805fe1000 	/System/Library/Frameworks/Accelerate.framework/Versions/A/Frameworks/vecLib.framework/Versions/A/libSparse.dylib
0x00007ffb1db5f000 	/System/Library/PrivateFrameworks/MIL.framework/Versions/A/MIL
0x00007ff812d7d000 	/usr/lib/libiconv.2.dylib
0x00007ff812cd7000 	/usr/lib/libcharset.1.dylib
0x00007ff80e5fc000 	/System/Library/Frameworks/OpenDirectory.framework/Versions/A/Frameworks/CFOpenDirectory.framework/Versions/A/CFOpenDirectory
0x00007ff80e5f0000 	/System/Library/Frameworks/OpenDirectory.framework/Versions/A/OpenDirectory
0x00007ff8143a1000 	/System/Library/PrivateFrameworks/APFS.framework/Versions/A/APFS
0x00007ff811f4f000 	/System/Library/Frameworks/SecurityFoundation.framework/Versions/A/SecurityFoundation
0x00007ff814426000 	/usr/lib/libutil.dylib
0x00007ffb1bf8d000 	/System/Library/PrivateFrameworks/InstalledContentLibrary.framework/Versions/A/InstalledContentLibrary
0x00007ff808915000 	/System/Library/PrivateFrameworks/CoreServicesStore.framework/Versions/A/CoreServicesStore
0x00007ffb0c4a9000 	/System/Library/PrivateFrameworks/AppleMobileFileIntegrity.framework/Versions/A/AppleMobileFileIntegrity
0x00007ff90c87d000 	/usr/lib/libmis.dylib
0x00007ff91d346000 	/System/Library/PrivateFrameworks/MobileSystemServices.framework/Versions/A/MobileSystemServices
0x00007ffa1a673000 	/System/Library/PrivateFrameworks/ConfigProfileHelper.framework/Versions/A/ConfigProfileHelper
0x00007ff812e86000 	/System/Library/PrivateFrameworks/AppleSauce.framework/Versions/A/AppleSauce
0x00007ff806fe1000 	/System/Library/PrivateFrameworks/LanguageModeling.framework/Versions/A/LanguageModeling
0x00007ff81442a000 	/usr/lib/libxslt.1.dylib
0x00007ff812d84000 	/usr/lib/libcmph.dylib
0x00007ff811cfb000 	/System/Library/PrivateFrameworks/CoreEmoji.framework/Versions/A/CoreEmoji
0x00007ff810f7b000 	/System/Library/PrivateFrameworks/LinguisticData.framework/Versions/A/LinguisticData
0x00007ff805ef8000 	/System/Library/PrivateFrameworks/Lexicon.framework/Versions/A/Lexicon
0x00007ff811fd8000 	/System/Library/PrivateFrameworks/BackgroundTaskManagement.framework/Versions/A/BackgroundTaskManagement
0x00007ffc17942000 	/usr/lib/libTLE.dylib
0x00007ff814e88000 	/System/Library/PrivateFrameworks/AppleJPEG.framework/Versions/A/AppleJPEG
0x00007ff8149ad000 	/usr/lib/libexpat.1.dylib
0x00007ff8155b0000 	/System/Library/Frameworks/ImageIO.framework/Versions/A/Resources/libPng.dylib
0x00007ff8155dd000 	/System/Library/Frameworks/ImageIO.framework/Versions/A/Resources/libTIFF.dylib
0x00007ff8156cf000 	/System/Library/Frameworks/ImageIO.framework/Versions/A/Resources/libGIF.dylib
0x00007ff814ed4000 	/System/Library/Frameworks/ImageIO.framework/Versions/A/Resources/libJP2.dylib
0x00007ff81566f000 	/System/Library/Frameworks/ImageIO.framework/Versions/A/Resources/libJPEG.dylib
0x00007ff815666000 	/System/Library/Frameworks/ImageIO.framework/Versions/A/Resources/libRadiance.dylib
0x00007ff810250000 	/System/Library/PrivateFrameworks/FontServices.framework/libFontParser.dylib
0x00007ff80c5a9000 	/System/Library/PrivateFrameworks/RunningBoardServices.framework/Versions/A/RunningBoardServices
0x00007ff8213e0000 	/System/Library/PrivateFrameworks/IOSurfaceAccelerator.framework/Versions/A/IOSurfaceAccelerator
0x00007ff814fbc000 	/System/Library/PrivateFrameworks/WatchdogClient.framework/Versions/A/WatchdogClient
0x00007ff8071ae000 	/System/Library/Frameworks/CoreDisplay.framework/Versions/A/CoreDisplay
0x00007ff81011f000 	/System/Library/Frameworks/CoreMedia.framework/Versions/A/CoreMedia
0x00007ff80fec1000 	/System/Library/PrivateFrameworks/IOAccelerator.framework/Versions/A/IOAccelerator
0x00007ff80e779000 	/System/Library/Frameworks/CoreVideo.framework/Versions/A/CoreVideo
0x00007ff812ed7000 	/System/Library/Frameworks/MetalPerformanceShaders.framework/Versions/A/MetalPerformanceShaders
0x00007ff814ffb000 	/System/Library/Frameworks/VideoToolbox.framework/Versions/A/VideoToolbox
0x00007ff80e806000 	/System/Library/PrivateFrameworks/UserManagement.framework/Versions/A/UserManagement
0x00007ff80c4d2000 	/System/Library/PrivateFrameworks/BaseBoard.framework/Versions/A/BaseBoard
0x00007ff810e63000 	/System/Library/PrivateFrameworks/AggregateDictionary.framework/Versions/A/AggregateDictionary
0x00007ffb0c2a6000 	/System/Library/PrivateFrameworks/AppleKeyStore.framework/Versions/A/AppleKeyStore
0x00007ff81565f000 	/System/Library/PrivateFrameworks/GPUWrangler.framework/Versions/A/GPUWrangler
0x00007ff815643000 	/System/Library/PrivateFrameworks/IOPresentment.framework/Versions/A/IOPresentment
0x00007ff815669000 	/System/Library/PrivateFrameworks/DSExternalDisplay.framework/Versions/A/DSExternalDisplay
0x00007ffb17fbe000 	/System/Library/PrivateFrameworks/GPUCompiler.framework/Versions/32023/Libraries/libllvm-flatbuffers.dylib
0x00007ffa1e994000 	/System/Library/Frameworks/OpenGL.framework/Versions/A/Libraries/libCoreFSCache.dylib
0x00007ffb15146000 	/System/Library/PrivateFrameworks/GPUCompiler.framework/Versions/32023/Libraries/libGPUCompilerUtils.dylib
0x00007ff8156d5000 	/System/Library/PrivateFrameworks/CMCaptureCore.framework/Versions/A/CMCaptureCore
0x00007ffb05135000 	/System/Library/Frameworks/ExtensionFoundation.framework/Versions/A/ExtensionFoundation
0x00007ff81c9b9000 	/System/Library/PrivateFrameworks/CoreTime.framework/Versions/A/CoreTime
0x00007ff814b77000 	/System/Library/PrivateFrameworks/AppServerSupport.framework/Versions/A/AppServerSupport
0x00007ff81710f000 	/System/Library/PrivateFrameworks/perfdata.framework/Versions/A/perfdata
0x00007ff8072dc000 	/System/Library/PrivateFrameworks/AudioToolboxCore.framework/Versions/A/AudioToolboxCore
0x00007ff8100f9000 	/System/Library/PrivateFrameworks/caulk.framework/Versions/A/caulk
0x00007ff8169a7000 	/usr/lib/libAudioStatistics.dylib
0x00007ff90bc22000 	/System/Library/PrivateFrameworks/SystemPolicy.framework/Versions/A/SystemPolicy
0x00007ff816c69000 	/usr/lib/libSMC.dylib
0x00007ff820a71000 	/System/Library/Frameworks/CoreMIDI.framework/Versions/A/CoreMIDI
0x00007ff815577000 	/usr/lib/libAudioToolboxUtility.dylib
0x00007ff907218000 	/System/Library/PrivateFrameworks/OSAServicesClient.framework/Versions/A/OSAServicesClient
0x00007ff81711d000 	/usr/lib/libperfcheck.dylib
0x00007ff81c465000 	/System/Library/PrivateFrameworks/BoardServices.framework/Versions/A/BoardServices
0x00007ff81488d000 	/System/Library/PrivateFrameworks/PlugInKit.framework/Versions/A/PlugInKit
0x00007ff811f42000 	/System/Library/PrivateFrameworks/AssertionServices.framework/Versions/A/AssertionServices
0x00007ffa09394000 	/System/Library/PrivateFrameworks/Symbolication.framework/Versions/A/Symbolication
0x00007ffb22a62000 	/System/Library/PrivateFrameworks/PhotosensitivityProcessing.framework/Versions/A/PhotosensitivityProcessing
0x00007ffa1f673000 	/System/Library/Frameworks/OpenCL.framework/Versions/A/OpenCL
0x00007ff814b22000 	/System/Library/PrivateFrameworks/GraphVisualizer.framework/Versions/A/GraphVisualizer
0x00007ffa1e9f1000 	/System/Library/Frameworks/OpenGL.framework/Versions/A/Libraries/libGLU.dylib
0x00007ffa1e9b3000 	/System/Library/Frameworks/OpenGL.framework/Versions/A/Libraries/libGFXShared.dylib
0x00007ffa1ebaf000 	/System/Library/Frameworks/OpenGL.framework/Versions/A/Libraries/libGL.dylib
0x00007ffa1e9bb000 	/System/Library/Frameworks/OpenGL.framework/Versions/A/Libraries/libGLImage.dylib
0x00007ffa1e9b0000 	/System/Library/Frameworks/OpenGL.framework/Versions/A/Libraries/libCVMSPluginSupport.dylib
0x00007ffc178fe000 	/usr/lib/libRosetta.dylib
0x00007ffa1e99b000 	/System/Library/Frameworks/OpenGL.framework/Versions/A/Libraries/libCoreVMClient.dylib
0x00007ffb134a9000 	/System/Library/PrivateFrameworks/FontServices.framework/Versions/A/FontServices
0x00007ff814b31000 	/System/Library/PrivateFrameworks/OTSVG.framework/Versions/A/OTSVG
0x00007ff80e334000 	/System/Library/Frameworks/ApplicationServices.framework/Versions/A/Frameworks/ATS.framework/Versions/A/Resources/libFontRegistry.dylib
0x00007ff814b82000 	/System/Library/PrivateFrameworks/FontServices.framework/libhvf.dylib
0x00007ffb134aa000 	/System/Library/PrivateFrameworks/FontServices.framework/libXTFontStaticRegistryData.dylib
0x00007ff810da2000 	/System/Library/Frameworks/MetalPerformanceShaders.framework/Versions/A/Frameworks/MPSCore.framework/Versions/A/MPSCore
0x00007ff8127a6000 	/System/Library/Frameworks/MetalPerformanceShaders.framework/Versions/A/Frameworks/MPSImage.framework/Versions/A/MPSImage
0x00007ff8120ae000 	/System/Library/Frameworks/MetalPerformanceShaders.framework/Versions/A/Frameworks/MPSNeuralNetwork.framework/Versions/A/MPSNeuralNetwork
0x00007ff81261d000 	/System/Library/Frameworks/MetalPerformanceShaders.framework/Versions/A/Frameworks/MPSMatrix.framework/Versions/A/MPSMatrix
0x00007ff8123cf000 	/System/Library/Frameworks/MetalPerformanceShaders.framework/Versions/A/Frameworks/MPSRayIntersector.framework/Versions/A/MPSRayIntersector
0x00007ff81265c000 	/System/Library/Frameworks/MetalPerformanceShaders.framework/Versions/A/Frameworks/MPSNDArray.framework/Versions/A/MPSNDArray
0x00007ffb067bf000 	/System/Library/Frameworks/MetalPerformanceShaders.framework/Versions/A/Frameworks/MPSFunctions.framework/Versions/A/MPSFunctions
0x00007ffb067a2000 	/System/Library/Frameworks/MetalPerformanceShaders.framework/Versions/A/Frameworks/MPSBenchmarkLoop.framework/Versions/A/MPSBenchmarkLoop
0x00007ff805bd0000 	/System/Library/PrivateFrameworks/MetalTools.framework/Versions/A/MetalTools
0x00007ff910f77000 	/System/Library/PrivateFrameworks/IOAccelMemoryInfo.framework/Versions/A/IOAccelMemoryInfo
0x00007ff91d246000 	/System/Library/PrivateFrameworks/kperf.framework/Versions/A/kperf
0x00007ff90c89f000 	/System/Library/PrivateFrameworks/GPURawCounter.framework/Versions/A/GPURawCounter
0x00007ff81c88e000 	/System/Library/PrivateFrameworks/CoreSymbolication.framework/Versions/A/CoreSymbolication
0x00007ff90c84f000 	/System/Library/PrivateFrameworks/MallocStackLogging.framework/Versions/A/MallocStackLogging
0x00007ff814732000 	/System/Library/PrivateFrameworks/CrashReporterSupport.framework/Versions/A/CrashReporterSupport
0x00007ff81c84f000 	/System/Library/PrivateFrameworks/DebugSymbols.framework/Versions/A/DebugSymbols
0x00007ff91bc66000 	/System/Library/PrivateFrameworks/OSAnalytics.framework/Versions/A/OSAnalytics
0x00007ffc0ec79000 	/System/Library/PrivateFrameworks/VideoToolboxParavirtualizationSupport.framework/Versions/A/VideoToolboxParavirtualizationSupport
0x00007ff81495f000 	/System/Library/PrivateFrameworks/AppleVA.framework/Versions/A/AppleVA
0x00007ff8169e7000 	/System/Library/Frameworks/ApplicationServices.framework/Versions/A/Frameworks/ATS.framework/Versions/A/ATS
0x00007ff80b8ec000 	/System/Library/Frameworks/ApplicationServices.framework/Versions/A/Frameworks/HIServices.framework/Versions/A/HIServices
0x00007ff8156e3000 	/System/Library/Frameworks/ApplicationServices.framework/Versions/A/Frameworks/PrintCore.framework/Versions/A/PrintCore
0x00007ff816dbd000 	/System/Library/Frameworks/ApplicationServices.framework/Versions/A/Frameworks/QD.framework/Versions/A/QD
0x00007ff816db6000 	/System/Library/Frameworks/ApplicationServices.framework/Versions/A/Frameworks/ColorSyncLegacy.framework/Versions/A/ColorSyncLegacy
0x00007ff8169bd000 	/System/Library/Frameworks/ApplicationServices.framework/Versions/A/Frameworks/SpeechSynthesis.framework/Versions/A/SpeechSynthesis
0x00007ff81569f000 	/System/Library/Frameworks/ApplicationServices.framework/Versions/A/Frameworks/ATSUI.framework/Versions/A/ATSUI
0x00007ff816d48000 	/usr/lib/libcups.2.dylib
0x00007ff81712c000 	/System/Library/Frameworks/Kerberos.framework/Versions/A/Kerberos
0x00007ff81713b000 	/System/Library/Frameworks/GSS.framework/Versions/A/GSS
0x00007ff816a60000 	/usr/lib/libresolv.9.dylib
0x00007ff814b94000 	/System/Library/PrivateFrameworks/Heimdal.framework/Versions/A/Heimdal
0x00007ff81e8cc000 	/System/Library/Frameworks/Kerberos.framework/Versions/A/Libraries/libHeimdalProxy.dylib
0x00007ff817188000 	/System/Library/PrivateFrameworks/CommonAuth.framework/Versions/A/CommonAuth
0x00007ffa23fed000 	/System/Library/Frameworks/AVFAudio.framework/Versions/A/AVFAudio
0x00007ff90725f000 	/System/Library/PrivateFrameworks/AXCoreUtilities.framework/Versions/A/AXCoreUtilities
0x00007ffb1d321000 	/System/Library/PrivateFrameworks/IsolatedCoreAudioClient.framework/Versions/A/IsolatedCoreAudioClient
0x00007ff81692e000 	/System/Library/PrivateFrameworks/AudioSession.framework/Versions/A/AudioSession
0x00007ff818445000 	/System/Library/Frameworks/IOBluetooth.framework/Versions/A/IOBluetooth
0x00007ff814a6d000 	/System/Library/PrivateFrameworks/MediaExperience.framework/Versions/A/MediaExperience
0x00007ff816781000 	/System/Library/PrivateFrameworks/AudioSession.framework/libSessionUtility.dylib
0x00007ff816dc8000 	/System/Library/PrivateFrameworks/AudioResourceArbitration.framework/Versions/A/AudioResourceArbitration
0x00007ff81b4fc000 	/System/Library/PrivateFrameworks/PowerLog.framework/Versions/A/PowerLog
0x00007ff81b419000 	/System/Library/Frameworks/CoreBluetooth.framework/Versions/A/CoreBluetooth
0x00007ff81e8cd000 	/System/Library/Frameworks/AudioUnit.framework/Versions/A/AudioUnit
0x00007ff811db5000 	/System/Library/PrivateFrameworks/CoreUtils.framework/Versions/A/CoreUtils
0x00007ffb11aae000 	/System/Library/PrivateFrameworks/CoreUtilsExtras.framework/Versions/A/CoreUtilsExtras
0x00007ffb1be22000 	/System/Library/PrivateFrameworks/IO80211.framework/Versions/A/IO80211
0x00007ff81c3a7000 	/System/Library/PrivateFrameworks/FrontBoardServices.framework/Versions/A/FrontBoardServices
0x00007ff81deb6000 	/System/Library/PrivateFrameworks/BackBoardServices.framework/Versions/A/BackBoardServices
0x00007ff8149d1000 	/System/Library/PrivateFrameworks/IconFoundation.framework/Versions/A/IconFoundation
0x00007ff81a423000 	/System/Library/PrivateFrameworks/SpeechRecognitionCore.framework/Versions/A/SpeechRecognitionCore
0x00007ff907278000 	/usr/lib/libAccessibility.dylib
0x00007ff81ab10000 	/System/Library/Frameworks/MediaAccessibility.framework/Versions/A/MediaAccessibility
0x00007ffa0ccff000 	/System/Library/Frameworks/OSLog.framework/Versions/A/OSLog
0x00007ff90c7da000 	/System/Library/PrivateFrameworks/LoggingSupport.framework/Versions/A/LoggingSupport
0x000000010aa7f000 	/Users/ashlynsassaman/.p2/pool/plugins/org.eclipse.justj.openjdk.hotspot.jre.full.macosx.x86_64_17.0.8.v20230801-1951/jre/lib/server/libjvm.dylib
0x0000000109444000 	/Users/ashlynsassaman/.p2/pool/plugins/org.eclipse.justj.openjdk.hotspot.jre.full.macosx.x86_64_17.0.8.v20230801-1951/jre/lib/libjimage.dylib
0x000000010948a000 	/Users/ashlynsassaman/.p2/pool/plugins/org.eclipse.justj.openjdk.hotspot.jre.full.macosx.x86_64_17.0.8.v20230801-1951/jre/lib/libjava.dylib
0x0000000109765000 	/Users/ashlynsassaman/.p2/pool/plugins/org.eclipse.justj.openjdk.hotspot.jre.full.macosx.x86_64_17.0.8.v20230801-1951/jre/lib/libzip.dylib
0x000000010a96a000 	/Users/ashlynsassaman/.p2/pool/plugins/org.eclipse.justj.openjdk.hotspot.jre.full.macosx.x86_64_17.0.8.v20230801-1951/jre/lib/libnio.dylib
0x000000010a9b6000 	/Users/ashlynsassaman/.p2/pool/plugins/org.eclipse.justj.openjdk.hotspot.jre.full.macosx.x86_64_17.0.8.v20230801-1951/jre/lib/libnet.dylib
0x000000012a548000 	/Users/ashlynsassaman/javafx-sdk-22.0.1/lib/libprism_es2.dylib
0x00007ff90b5c7000 	/System/Library/Frameworks/Carbon.framework/Versions/A/Carbon
0x00007ff822b62000 	/System/Library/Frameworks/Carbon.framework/Versions/A/Frameworks/CommonPanels.framework/Versions/A/CommonPanels
0x00007ff81e1e3000 	/System/Library/Frameworks/Carbon.framework/Versions/A/Frameworks/Help.framework/Versions/A/Help
0x00007ff822b66000 	/System/Library/Frameworks/Carbon.framework/Versions/A/Frameworks/ImageCapture.framework/Versions/A/ImageCapture
0x00007ff822b43000 	/System/Library/Frameworks/Carbon.framework/Versions/A/Frameworks/OpenScripting.framework/Versions/A/OpenScripting
0x00007ff822b61000 	/System/Library/Frameworks/Carbon.framework/Versions/A/Frameworks/Ink.framework/Versions/A/Ink
0x00007ff822b5e000 	/System/Library/Frameworks/Carbon.framework/Versions/A/Frameworks/SecurityHI.framework/Versions/A/SecurityHI
0x00007ffa1ebba000 	/System/Library/Frameworks/OpenGL.framework/Versions/A/Resources/GLEngine.bundle/GLEngine
0x00007ffa1ea2e000 	/System/Library/Frameworks/OpenGL.framework/Versions/A/Libraries/libGLProgrammability.dylib
0x000000012a785000 	/System/Library/Extensions/AppleMetalOpenGLRenderer.bundle/Contents/MacOS/AppleMetalOpenGLRenderer
0x00007ffa1ed2a000 	/System/Library/Frameworks/OpenGL.framework/Versions/A/Resources/GLRendererFloat.bundle/GLRendererFloat
0x00007ffa1fcc5000 	/System/Library/Extensions/AGXMetal13_3.bundle/Contents/MacOS/AGXMetal13_3
0x00007ff9061b5000 	/System/Library/PrivateFrameworks/IOGPU.framework/Versions/A/IOGPU
0x000000012aa6b000 	/Users/ashlynsassaman/javafx-sdk-22.0.1/lib/libglass.dylib
0x00007ff81bade000 	/System/Library/Frameworks/FileProvider.framework/Versions/A/FileProvider
0x00007ff80c43a000 	/System/Library/Frameworks/Accounts.framework/Versions/A/Accounts
0x00007ff81bc92000 	/System/Library/PrivateFrameworks/GenerationalStorage.framework/Versions/A/GenerationalStorage
0x00007ff81b4f1000 	/System/Library/PrivateFrameworks/SymptomDiagnosticReporter.framework/Versions/A/SymptomDiagnosticReporter
0x00007ff80a09f000 	/System/Library/PrivateFrameworks/DesktopServicesPriv.framework/Versions/A/DesktopServicesPriv
0x00007ff808a29000 	/usr/lib/libsandbox.1.dylib
0x00007ff816dab000 	/System/Library/PrivateFrameworks/NetAuth.framework/Versions/A/NetAuth
0x00007ff8180f1000 	/System/Library/PrivateFrameworks/Sharing.framework/Versions/A/Sharing
0x00007ff80e7cb000 	/System/Library/PrivateFrameworks/login.framework/Versions/A/Frameworks/loginsupport.framework/Versions/A/loginsupport
0x00007ff81dd08000 	/System/Library/PrivateFrameworks/Apple80211.framework/Versions/A/Apple80211
0x00007ff81295c000 	/System/Library/PrivateFrameworks/AuthKit.framework/Versions/A/AuthKit
0x00007ff81dd09000 	/System/Library/PrivateFrameworks/CoreWiFi.framework/Versions/A/CoreWiFi
0x00007ff811d3c000 	/System/Library/Frameworks/CoreWLAN.framework/Versions/A/CoreWLAN
0x00007ff90c8a2000 	/usr/lib/swift/libswiftCoreAudio.dylib
0x00007ff911d4c000 	/usr/lib/swift/libswiftCoreLocation.dylib
0x00007ff814729000 	/usr/lib/libIOReport.dylib
0x00007ffa1385d000 	/System/Library/PrivateFrameworks/WiFiPeerToPeer.framework/Versions/A/WiFiPeerToPeer
0x00007ff812b09000 	/System/Library/Frameworks/UserNotifications.framework/Versions/A/UserNotifications
0x00007ff8172c7000 	/System/Library/PrivateFrameworks/CorePhoneNumbers.framework/Versions/A/CorePhoneNumbers
0x00007ff816a8c000 	/System/Library/PrivateFrameworks/MultiverseSupport.framework/Versions/A/MultiverseSupport
0x00007ff81e136000 	/System/Library/PrivateFrameworks/RemoteServiceDiscovery.framework/Versions/A/RemoteServiceDiscovery
0x00007ff81b60b000 	/System/Library/PrivateFrameworks/DiskManagement.framework/Versions/A/DiskManagement
0x00007ff81b524000 	/System/Library/PrivateFrameworks/AppleIDAuthSupport.framework/Versions/A/AppleIDAuthSupport
0x00007ffb0a2e7000 	/System/Library/PrivateFrameworks/AAAFoundation.framework/Versions/A/AAAFoundation
0x00007ff81729b000 	/System/Library/PrivateFrameworks/KeychainCircle.framework/Versions/A/KeychainCircle
0x00007ff81e147000 	/System/Library/PrivateFrameworks/RemoteXPC.framework/Versions/A/RemoteXPC
0x00007ff81e1eb000 	/usr/lib/libcsfde.dylib
0x00007ff8148d7000 	/usr/lib/libCoreStorage.dylib
0x00007ff81b5d8000 	/System/Library/PrivateFrameworks/MediaKit.framework/Versions/A/MediaKit
0x00007ff81b530000 	/System/Library/Frameworks/DiscRecording.framework/Versions/A/DiscRecording
0x00007ff81851a000 	/System/Library/PrivateFrameworks/ProtectedCloudStorage.framework/Versions/A/ProtectedCloudStorage
0x00007ff81e1e7000 	/System/Library/PrivateFrameworks/EFILogin.framework/Versions/A/EFILogin
0x00007ff81bcba000 	/System/Library/PrivateFrameworks/OctagonTrust.framework/Versions/A/OctagonTrust
0x00007ff80fd6e000 	/System/Library/Frameworks/CoreLocation.framework/Versions/A/CoreLocation
0x00007ff818776000 	/System/Library/PrivateFrameworks/GeoServices.framework/Versions/A/GeoServices
0x00007ff81674d000 	/System/Library/PrivateFrameworks/LocationSupport.framework/Versions/A/LocationSupport
0x00007ffb18bb2000 	/System/Library/PrivateFrameworks/GeoServicesCore.framework/Versions/A/GeoServicesCore
0x00007ff907256000 	/System/Library/PrivateFrameworks/PhoneNumbers.framework/Versions/A/PhoneNumbers
0x00007ff8148cf000 	/usr/lib/libMatch.1.dylib
0x00007ff911d2f000 	/System/Library/Frameworks/Accelerate.framework/Versions/A/Frameworks/vImage.framework/Versions/A/Libraries/libCGInterfaces.dylib
0x000000012afdf000 	/usr/lib/libobjc-trampolines.dylib
0x00007ffc17683000 	/usr/lib/libAccessibilityBaseImplementations.dylib
0x00007ff80e4e0000 	/System/Library/PrivateFrameworks/ViewBridge.framework/Versions/A/ViewBridge
0x000000013351c000 	/Users/ashlynsassaman/javafx-sdk-22.0.1/lib/libjavafx_font.dylib
0x00007ff814c4a000 	/System/Library/PrivateFrameworks/login.framework/Versions/A/login
0x00007ff81c577000 	/System/Library/Frameworks/LocalAuthentication.framework/Versions/A/LocalAuthentication
0x00007ffb1da25000 	/System/Library/PrivateFrameworks/LocalAuthenticationCore.framework/Versions/A/LocalAuthenticationCore
0x00007ff81c5bc000 	/System/Library/Frameworks/LocalAuthentication.framework/Support/SharedUtils.framework/Versions/A/SharedUtils
0x00007ff81c515000 	/System/Library/Frameworks/CryptoTokenKit.framework/Versions/A/CryptoTokenKit
0x00007ffc0b36c000 	/System/Library/PrivateFrameworks/TextInputUI.framework/Versions/A/TextInputUI
0x00007ffc0b372000 	/System/Library/PrivateFrameworks/TextInputUIMacHelper.framework/Versions/A/TextInputUIMacHelper
0x00007ffb0ac8c000 	/System/Library/PrivateFrameworks/AccessibilityBundles.framework/Versions/A/AccessibilityBundles


VM Arguments:
jvm_args: -Dfile.encoding=UTF-8 --module-path=/Users/ashlynsassaman/git/CMSC335_Project3/CMSC335_Project3/bin:/Users/ashlynsassaman/.p2/pool/plugins/org.eclipse.fx.ide.css.jfx8_3.10.0.202303150700.jar:/Users/ashlynsassaman/javafx-sdk-22.0.1/lib/javafx-swt.jar:/Users/ashlynsassaman/javafx-sdk-22.0.1/lib/javafx.base.jar:/Users/ashlynsassaman/javafx-sdk-22.0.1/lib/javafx.controls.jar:/Users/ashlynsassaman/javafx-sdk-22.0.1/lib/javafx.fxml.jar:/Users/ashlynsassaman/javafx-sdk-22.0.1/lib/javafx.graphics.jar:/Users/ashlynsassaman/javafx-sdk-22.0.1/lib/javafx.media.jar:/Users/ashlynsassaman/javafx-sdk-22.0.1/lib/javafx.swing.jar:/Users/ashlynsassaman/javafx-sdk-22.0.1/lib/javafx.web.jar -XX:+ShowCodeDetailsInExceptionMessages -Djdk.module.main=CMSC335_Project3 
java_command: CMSC335_Project3/application.TrafficMain --module-path /Users/ashlynsassaman/Downloads/javafx-sdk-21.0.1/lib --add-modules javafx.controls,javafx.fxml
java_class_path (initial): <not set>
Launcher Type: SUN_STANDARD

[Global flags]
     intx CICompilerCount                          = 4                                         {product} {ergonomic}
     uint ConcGCThreads                            = 2                                         {product} {ergonomic}
     uint G1ConcRefinementThreads                  = 8                                         {product} {ergonomic}
   size_t G1HeapRegionSize                         = 2097152                                   {product} {ergonomic}
    uintx GCDrainStackTargetSize                   = 64                                        {product} {ergonomic}
   size_t InitialHeapSize                          = 268435456                                 {product} {ergonomic}
   size_t MarkStackSize                            = 4194304                                   {product} {ergonomic}
   size_t MaxHeapSize                              = 4294967296                                {product} {ergonomic}
   size_t MaxNewSize                               = 2575302656                                {product} {ergonomic}
   size_t MinHeapDeltaBytes                        = 2097152                                   {product} {ergonomic}
   size_t MinHeapSize                              = 8388608                                   {product} {ergonomic}
    uintx NonNMethodCodeHeapSize                   = 5839372                                {pd product} {ergonomic}
    uintx NonProfiledCodeHeapSize                  = 122909434                              {pd product} {ergonomic}
    uintx ProfiledCodeHeapSize                     = 122909434                              {pd product} {ergonomic}
    uintx ReservedCodeCacheSize                    = 251658240                              {pd product} {ergonomic}
     bool SegmentedCodeCache                       = true                                      {product} {ergonomic}
     bool ShowCodeDetailsInExceptionMessages       = true                                   {manageable} {command line}
   size_t SoftMaxHeapSize                          = 4294967296                             {manageable} {ergonomic}
     bool UseCompressedClassPointers               = true                           {product lp64_product} {ergonomic}
     bool UseCompressedOops                        = true                           {product lp64_product} {ergonomic}
     bool UseG1GC                                  = true                                      {product} {ergonomic}
     bool UseNUMA                                  = false                                     {product} {ergonomic}
     bool UseNUMAInterleaving                      = false                                     {product} {ergonomic}

Logging:
Log output configuration:
 #0: stdout all=warning uptime,level,tags
 #1: stderr all=off uptime,level,tags

Environment Variables:
PATH=/usr/bin:/bin:/usr/sbin:/sbin
SHELL=/bin/zsh
TMPDIR=/var/folders/0t/9rltvf3s1qg96mq2sgd64vz80000gn/T/

Active Locale:
LC_ALL=C
LC_COLLATE=C
LC_CTYPE=C
LC_MESSAGES=C
LC_MONETARY=C
LC_NUMERIC=C
LC_TIME=C

Signal Handlers:
   SIGSEGV: crash_handler in libjvm.dylib, mask=11100110100111111111111111111111, flags=SA_RESTART|SA_SIGINFO, unblocked
    SIGBUS: crash_handler in libjvm.dylib, mask=11100110100111111111111111111111, flags=SA_RESTART|SA_SIGINFO, unblocked
    SIGFPE: crash_handler in libjvm.dylib, mask=11100110100111111111111111111111, flags=SA_RESTART|SA_SIGINFO, unblocked
   SIGPIPE: javaSignalHandler in libjvm.dylib, mask=11100110100111111111111111111111, flags=SA_RESTART|SA_SIGINFO, blocked
   SIGXFSZ: javaSignalHandler in libjvm.dylib, mask=11100110100111111111111111111111, flags=SA_RESTART|SA_SIGINFO, blocked
    SIGILL: crash_handler in libjvm.dylib, mask=11100110100111111111111111111111, flags=SA_RESTART|SA_SIGINFO, unblocked
   SIGUSR2: SR_handler in libjvm.dylib, mask=00100000000000000000000000000000, flags=SA_RESTART|SA_SIGINFO, blocked
    SIGHUP: UserHandler in libjvm.dylib, mask=11100110100111111111111111111111, flags=SA_RESTART|SA_SIGINFO, blocked
    SIGINT: UserHandler in libjvm.dylib, mask=11100110100111111111111111111111, flags=SA_RESTART|SA_SIGINFO, blocked
   SIGTERM: UserHandler in libjvm.dylib, mask=11100110100111111111111111111111, flags=SA_RESTART|SA_SIGINFO, blocked
   SIGQUIT: UserHandler in libjvm.dylib, mask=11100110100111111111111111111111, flags=SA_RESTART|SA_SIGINFO, blocked
   SIGTRAP: crash_handler in libjvm.dylib, mask=11100110100111111111111111111111, flags=SA_RESTART|SA_SIGINFO, unblocked


---------------  S Y S T E M  ---------------

OS:
uname: Darwin 23.4.0 Darwin Kernel Version 23.4.0: Fri Mar 15 00:12:41 PDT 2024; root:xnu-10063.101.17~1/RELEASE_ARM64_T8103 x86_64
OS uptime: 12 days 10:01 hours
rlimit (soft/hard): STACK 8176k/65520k , CORE 0k/infinity , NPROC 2666/4000 , NOFILE 12544/infinity , AS infinity/infinity , CPU infinity/infinity , DATA infinity/infinity , FSIZE infinity/infinity , MEMLOCK infinity/infinity , RSS infinity/infinity
load average: 26.41 8.79 4.78

CPU: (EMULATED) total 8 (initial active 8) (1 cores per cpu, 1 threads per core) family 6 model 44 stepping 0 microcode 0x0, cx8, cmov, fxsr, mmx, sse, sse2, sse3, ssse3, sse4.1, sse4.2, popcnt, tsc, tscinvbit, aes, clmul, clflush
machdep.cpu.brand_string:Apple M1
hw.cpufrequency:2400000000
hw.cpufrequency_min:2400000000
hw.cpufrequency_max:2400000000
hw.cachelinesize:64
hw.l1icachesize:131072
hw.l1dcachesize:65536
hw.l2cachesize:4194304

Memory: 4k page, physical 16777216k(24656k free), swap 2097152k(1488192k free)

vm_info: OpenJDK 64-Bit Server VM (17.0.8+7) for bsd-amd64 JRE (17.0.8+7), built on Jul 18 2023 20:54:48 by "admin" with clang 4.2.1 Compatible Apple LLVM 10.0.1 (clang-1001.0.46.4)

END.
